<?xml version="1.0" encoding="UTF-8"?>
<!-- Generated by org.testng.reporters.JUnitXMLReporter -->
<testsuite ignored="0" hostname="Marnis-MacBook-Pro.local" failures="0" tests="6" name="Default test" time="0.084" errors="0" timestamp="2023-07-19T20:53:58 PDT">
  <testcase classname="testSuite1.module1" name="login" time="0.009"/>
  <testcase classname="testSuite1.module1" name="login" time="0.001"/>
  <testcase classname="testSuite1.module1" name="test001" time="0.002"/>
  <testcase classname="testSuite1.module1" name="test002" time="0.001"/>
  <testcase classname="testSuite1.module1" name="test003" time="0.001"/>
  <testcase classname="testSuite1.module1" name="test004" time="0.001"/>
</testsuite> <!-- Default test -->
