<?xml version="1.0" encoding="UTF-8"?>
<!-- Generated by org.testng.reporters.JUnitXMLReporter -->
<testsuite ignored="3" hostname="Marnis-MacBook-Pro.local" failures="0" tests="3" name="Test1" time="0.056" errors="0" timestamp="2023-07-19T20:01:36 PDT">
  <testcase classname="testSuite1.module1" name="test001" time="0.01"/>
  <testcase classname="testSuite1.module2" name="test002" time="0.001"/>
  <testcase classname="testSuite1.module2" name="test003" time="0.001"/>
  <testcase classname="testSuite1.module1" name="test003" time="0.0">
    <ignored/>
  </testcase> <!-- test003 -->
  <testcase classname="testSuite1.module2" name="test001" time="0.0">
    <ignored/>
  </testcase> <!-- test001 -->
  <testcase classname="testSuite1.module1" name="test002" time="0.0">
    <ignored/>
  </testcase> <!-- test002 -->
</testsuite> <!-- Test1 -->
